This is pdfTeX, Version 3.14159265-2.6-1.40.15 (TeX Live 2014/Arch Linux) (preloaded format=pdflatex 2014.9.3)  5 OCT 2014 21:50
entering extended mode
 restricted \write18 enabled.
 %&-line parsing enabled.
**main.tex
(./main.tex
LaTeX2e <2014/05/01>
Babel <3.9k> and hyphenation patterns for 79 languages loaded.
(/usr/share/texmf-dist/tex/latex/base/article.cls
Document Class: article 2007/10/19 v1.4h Standard LaTeX document class
(/usr/share/texmf-dist/tex/latex/base/size11.clo
File: size11.clo 2007/10/19 v1.4h Standard LaTeX file (size option)
)
\c@part=\count79
\c@section=\count80
\c@subsection=\count81
\c@subsubsection=\count82
\c@paragraph=\count83
\c@subparagraph=\count84
\c@figure=\count85
\c@table=\count86
\abovecaptionskip=\skip41
\belowcaptionskip=\skip42
\bibindent=\dimen102
)
(/usr/share/texmf-dist/tex/generic/babel/babel.sty
Package: babel 2014/03/24 3.9k The Babel package

(/usr/share/texmf-dist/tex/generic/babel-spanish/spanish.ldf
Language: spanish.ldf 2014/04/24 v5.0n Spanish support from the babel system

(/usr/share/texmf-dist/tex/generic/babel/babel.def
File: babel.def 2014/03/24 3.9k Babel common definitions
\babel@savecnt=\count87
\U@D=\dimen103
)
\es@quottoks=\toks14
\es@quotdepth=\count88
Package babel Info: Making " an active character on input line 516.
Package babel Info: Making . an active character on input line 617.
Package babel Info: Making < an active character on input line 662.
Package babel Info: Making > an active character on input line 662.
))
(/usr/share/texmf-dist/tex/latex/hyperref/hyperref.sty
Package: hyperref 2012/11/06 v6.83m Hypertext links for LaTeX

(/usr/share/texmf-dist/tex/generic/oberdiek/hobsub-hyperref.sty
Package: hobsub-hyperref 2012/05/28 v1.13 Bundle oberdiek, subset hyperref (HO)


(/usr/share/texmf-dist/tex/generic/oberdiek/hobsub-generic.sty
Package: hobsub-generic 2012/05/28 v1.13 Bundle oberdiek, subset generic (HO)
Package: hobsub 2012/05/28 v1.13 Construct package bundles (HO)
Package: infwarerr 2010/04/08 v1.3 Providing info/warning/error messages (HO)
Package: ltxcmds 2011/11/09 v1.22 LaTeX kernel commands for general use (HO)
Package: ifluatex 2010/03/01 v1.3 Provides the ifluatex switch (HO)
Package ifluatex Info: LuaTeX not detected.
Package: ifvtex 2010/03/01 v1.5 Detect VTeX and its facilities (HO)
Package ifvtex Info: VTeX not detected.
Package: intcalc 2007/09/27 v1.1 Expandable calculations with integers (HO)
Package: ifpdf 2011/01/30 v2.3 Provides the ifpdf switch (HO)
Package ifpdf Info: pdfTeX in PDF mode is detected.
Package: etexcmds 2011/02/16 v1.5 Avoid name clashes with e-TeX commands (HO)
Package etexcmds Info: Could not find \expanded.
(etexcmds)             That can mean that you are not using pdfTeX 1.50 or
(etexcmds)             that some package has redefined \expanded.
(etexcmds)             In the latter case, load this package earlier.
Package: kvsetkeys 2012/04/25 v1.16 Key value parser (HO)
Package: kvdefinekeys 2011/04/07 v1.3 Define keys (HO)
Package: pdftexcmds 2011/11/29 v0.20 Utility functions of pdfTeX for LuaTeX (HO
)
Package pdftexcmds Info: LuaTeX not detected.
Package pdftexcmds Info: \pdf@primitive is available.
Package pdftexcmds Info: \pdf@ifprimitive is available.
Package pdftexcmds Info: \pdfdraftmode found.
Package: pdfescape 2011/11/25 v1.13 Implements pdfTeX's escape features (HO)
Package: bigintcalc 2012/04/08 v1.3 Expandable calculations on big integers (HO
)
Package: bitset 2011/01/30 v1.1 Handle bit-vector datatype (HO)
Package: uniquecounter 2011/01/30 v1.2 Provide unlimited unique counter (HO)
)
Package hobsub Info: Skipping package `hobsub' (already loaded).
Package: letltxmacro 2010/09/02 v1.4 Let assignment for LaTeX macros (HO)
Package: hopatch 2012/05/28 v1.2 Wrapper for package hooks (HO)
Package: xcolor-patch 2011/01/30 xcolor patch
Package: atveryend 2011/06/30 v1.8 Hooks at the very end of document (HO)
Package atveryend Info: \enddocument detected (standard20110627).
Package: atbegshi 2011/10/05 v1.16 At begin shipout hook (HO)
Package: refcount 2011/10/16 v3.4 Data extraction from label references (HO)
Package: hycolor 2011/01/30 v1.7 Color options for hyperref/bookmark (HO)
)
(/usr/share/texmf-dist/tex/latex/graphics/keyval.sty
Package: keyval 2014/05/08 v1.15 key=value parser (DPC)
\KV@toks@=\toks15
)
(/usr/share/texmf-dist/tex/generic/ifxetex/ifxetex.sty
Package: ifxetex 2010/09/12 v0.6 Provides ifxetex conditional
)
(/usr/share/texmf-dist/tex/latex/oberdiek/auxhook.sty
Package: auxhook 2011/03/04 v1.3 Hooks for auxiliary files (HO)
)
(/usr/share/texmf-dist/tex/latex/oberdiek/kvoptions.sty
Package: kvoptions 2011/06/30 v3.11 Key value format for package options (HO)
)
\@linkdim=\dimen104
\Hy@linkcounter=\count89
\Hy@pagecounter=\count90

(/usr/share/texmf-dist/tex/latex/hyperref/pd1enc.def
File: pd1enc.def 2012/11/06 v6.83m Hyperref: PDFDocEncoding definition (HO)
)
\Hy@SavedSpaceFactor=\count91

(/usr/share/texmf-dist/tex/latex/latexconfig/hyperref.cfg
File: hyperref.cfg 2002/06/06 v1.2 hyperref configuration of TeXLive
)
Package hyperref Info: Hyper figures OFF on input line 4443.
Package hyperref Info: Link nesting OFF on input line 4448.
Package hyperref Info: Hyper index ON on input line 4451.
Package hyperref Info: Plain pages OFF on input line 4458.
Package hyperref Info: Backreferencing OFF on input line 4463.
Package hyperref Info: Implicit mode ON; LaTeX internals redefined.
Package hyperref Info: Bookmarks ON on input line 4688.
\c@Hy@tempcnt=\count92

(/usr/share/texmf-dist/tex/latex/url/url.sty
\Urlmuskip=\muskip10
Package: url 2013/09/16  ver 3.4  Verb mode for urls, etc.
)
LaTeX Info: Redefining \url on input line 5041.
\XeTeXLinkMargin=\dimen105
\Fld@menulength=\count93
\Field@Width=\dimen106
\Fld@charsize=\dimen107
Package hyperref Info: Hyper figures OFF on input line 6295.
Package hyperref Info: Link nesting OFF on input line 6300.
Package hyperref Info: Hyper index ON on input line 6303.
Package hyperref Info: backreferencing OFF on input line 6310.
Package hyperref Info: Link coloring OFF on input line 6315.
Package hyperref Info: Link coloring with OCG OFF on input line 6320.
Package hyperref Info: PDF/A mode OFF on input line 6325.
LaTeX Info: Redefining \ref on input line 6365.
LaTeX Info: Redefining \pageref on input line 6369.
\Hy@abspage=\count94
\c@Item=\count95
\c@Hfootnote=\count96
)

Package hyperref Message: Driver (autodetected): hpdftex.

(/usr/share/texmf-dist/tex/latex/hyperref/hpdftex.def
File: hpdftex.def 2012/11/06 v6.83m Hyperref driver for pdfTeX
\Fld@listcount=\count97
\c@bookmark@seq@number=\count98

(/usr/share/texmf-dist/tex/latex/oberdiek/rerunfilecheck.sty
Package: rerunfilecheck 2011/04/15 v1.7 Rerun checks for auxiliary files (HO)
Package uniquecounter Info: New unique counter `rerunfilecheck' on input line 2
82.
)
\Hy@SectionHShift=\skip43
)
(/usr/share/texmf-dist/tex/latex/tools/tabularx.sty
Package: tabularx 2014/05/13 v2.10 `tabularx' package (DPC)

(/usr/share/texmf-dist/tex/latex/tools/array.sty
Package: array 2008/09/09 v2.4c Tabular extension package (FMi)
\col@sep=\dimen108
\extrarowheight=\dimen109
\NC@list=\toks16
\extratabsurround=\skip44
\backup@length=\skip45
)
\TX@col@width=\dimen110
\TX@old@table=\dimen111
\TX@old@col=\dimen112
\TX@target=\dimen113
\TX@delta=\dimen114
\TX@cols=\count99
\TX@ftn=\toks17
) (./main.aux
LaTeX Info: Redefining \. on input line 23.
LaTeX Info: Redefining \% on input line 23.
)
\openout1 = `main.aux'.

LaTeX Font Info:    Checking defaults for OML/cmm/m/it on input line 27.
LaTeX Font Info:    ... okay on input line 27.
LaTeX Font Info:    Checking defaults for T1/cmr/m/n on input line 27.
LaTeX Font Info:    ... okay on input line 27.
LaTeX Font Info:    Checking defaults for OT1/cmr/m/n on input line 27.
LaTeX Font Info:    ... okay on input line 27.
LaTeX Font Info:    Checking defaults for OMS/cmsy/m/n on input line 27.
LaTeX Font Info:    ... okay on input line 27.
LaTeX Font Info:    Checking defaults for OMX/cmex/m/n on input line 27.
LaTeX Font Info:    ... okay on input line 27.
LaTeX Font Info:    Checking defaults for U/cmr/m/n on input line 27.
LaTeX Font Info:    ... okay on input line 27.
LaTeX Font Info:    Checking defaults for PD1/pdf/m/n on input line 27.
LaTeX Font Info:    ... okay on input line 27.
LaTeX Info: Redefining \. on input line 27.
LaTeX Info: Redefining \% on input line 27.
\AtBeginShipoutBox=\box26
Package hyperref Info: Link coloring OFF on input line 27.

(/usr/share/texmf-dist/tex/latex/hyperref/nameref.sty
Package: nameref 2012/10/27 v2.43 Cross-referencing by name of section

(/usr/share/texmf-dist/tex/generic/oberdiek/gettitlestring.sty
Package: gettitlestring 2010/12/03 v1.4 Cleanup title references (HO)
)
\c@section@level=\count100
)
LaTeX Info: Redefining \ref on input line 27.
LaTeX Info: Redefining \pageref on input line 27.
LaTeX Info: Redefining \nameref on input line 27.
 (./main.out)
(./main.out)
\@outlinefile=\write3
\openout3 = `main.out'.

LaTeX Font Info:    External font `cmex10' loaded for size
(Font)              <12> on input line 29.
LaTeX Font Info:    External font `cmex10' loaded for size
(Font)              <8> on input line 29.
LaTeX Font Info:    External font `cmex10' loaded for size
(Font)              <6> on input line 29.
Missing character: There is no Ã in font cmr10!
Missing character: There is no ­ in font cmr10!

Underfull \hbox (badness 1831) in paragraph at lines 31--33
\OT1/cmr/m/n/10.95 y ofre-cer da-tos es-tads-ti-cos re-fe-ren-tes a las
 []


Underfull \hbox (badness 10000) in paragraph at lines 31--33

 []

Package babel Info: Redefining spanish shorthand <<
(babel)             in language  on input line 39.
Package babel Info: Redefining spanish shorthand >>
(babel)             in language  on input line 39.
Package babel Info: Redefining spanish shorthand "=
(babel)             in language  on input line 39.
Package babel Info: Redefining spanish shorthand "~
(babel)             in language  on input line 39.
Package babel Info: Redefining spanish shorthand "!
(babel)             in language  on input line 39.
Package babel Info: Redefining spanish shorthand "?
(babel)             in language  on input line 39.

Underfull \hbox (badness 1803) in paragraph at lines 40--41
[]\OT1/cmr/m/n/10.95 Uno de los pro-ble-mas de se-gu-ri-dad mas
 []


Underfull \hbox (badness 10000) in paragraph at lines 40--41

 []


Underfull \hbox (badness 3323) in paragraph at lines 42--43
[]\OT1/cmr/m/n/10.95 El pro-yec-to \OT1/cmr/m/it/10.95 Cen-ti-ne-la\OT1/cmr/m/n
/10.95 , co-mo sis-te-ma de
 []


Underfull \hbox (badness 1173) in paragraph at lines 42--43
\OT1/cmr/m/n/10.95 de per-so-nal y se-gui-mien-to de ac-ti-vi-da-des a
 []


Underfull \hbox (badness 10000) in paragraph at lines 42--43

 []

Package babel Info: Redefining spanish shorthand <<
(babel)             in language  on input line 44.
Package babel Info: Redefining spanish shorthand >>
(babel)             in language  on input line 44.
Package babel Info: Redefining spanish shorthand "=
(babel)             in language  on input line 44.
Package babel Info: Redefining spanish shorthand "~
(babel)             in language  on input line 44.
Package babel Info: Redefining spanish shorthand "!
(babel)             in language  on input line 44.
Package babel Info: Redefining spanish shorthand "?
(babel)             in language  on input line 44.

Underfull \hbox (badness 2205) in paragraph at lines 46--47
[]\OT1/cmr/m/n/10.95 Generalmente se ve muy a me-nu-do que
 []


Underfull \hbox (badness 10000) in paragraph at lines 46--47

 []


Underfull \vbox (badness 10000) has occurred while \output is active []

Package babel Info: Redefining spanish shorthand <<
(babel)             in language  on input line 47.
Package babel Info: Redefining spanish shorthand >>
(babel)             in language  on input line 47.
Package babel Info: Redefining spanish shorthand "=
(babel)             in language  on input line 47.
Package babel Info: Redefining spanish shorthand "~
(babel)             in language  on input line 47.
Package babel Info: Redefining spanish shorthand "!
(babel)             in language  on input line 47.
Package babel Info: Redefining spanish shorthand "?
(babel)             in language  on input line 47.
Package babel Info: Redefining spanish shorthand <<
(babel)             in language  on input line 47.
Package babel Info: Redefining spanish shorthand >>
(babel)             in language  on input line 47.
Package babel Info: Redefining spanish shorthand "=
(babel)             in language  on input line 47.
Package babel Info: Redefining spanish shorthand "~
(babel)             in language  on input line 47.
Package babel Info: Redefining spanish shorthand "!
(babel)             in language  on input line 47.
Package babel Info: Redefining spanish shorthand "?
(babel)             in language  on input line 47.
 [1{/var/lib/texmf/fonts/map/pdftex/updmap/pdftex.map}


]
Underfull \hbox (badness 10000) in paragraph at lines 51--52

 []


Underfull \hbox (badness 10000) in paragraph at lines 53--54

 []

Package babel Info: Redefining spanish shorthand <<
(babel)             in language  on input line 55.
Package babel Info: Redefining spanish shorthand >>
(babel)             in language  on input line 55.
Package babel Info: Redefining spanish shorthand "=
(babel)             in language  on input line 55.
Package babel Info: Redefining spanish shorthand "~
(babel)             in language  on input line 55.
Package babel Info: Redefining spanish shorthand "!
(babel)             in language  on input line 55.
Package babel Info: Redefining spanish shorthand "?
(babel)             in language  on input line 55.
Package babel Info: Redefining spanish shorthand <<
(babel)             in language  on input line 59.
Package babel Info: Redefining spanish shorthand >>
(babel)             in language  on input line 59.
Package babel Info: Redefining spanish shorthand "=
(babel)             in language  on input line 59.
Package babel Info: Redefining spanish shorthand "~
(babel)             in language  on input line 59.
Package babel Info: Redefining spanish shorthand "!
(babel)             in language  on input line 59.
Package babel Info: Redefining spanish shorthand "?
(babel)             in language  on input line 59.

Underfull \vbox (badness 10000) has occurred while \output is active []

Package babel Info: Redefining spanish shorthand <<
(babel)             in language  on input line 63.
Package babel Info: Redefining spanish shorthand >>
(babel)             in language  on input line 63.
Package babel Info: Redefining spanish shorthand "=
(babel)             in language  on input line 63.
Package babel Info: Redefining spanish shorthand "~
(babel)             in language  on input line 63.
Package babel Info: Redefining spanish shorthand "!
(babel)             in language  on input line 63.
Package babel Info: Redefining spanish shorthand "?
(babel)             in language  on input line 63.
Package babel Info: Redefining spanish shorthand <<
(babel)             in language  on input line 68.
Package babel Info: Redefining spanish shorthand >>
(babel)             in language  on input line 68.
Package babel Info: Redefining spanish shorthand "=
(babel)             in language  on input line 68.
Package babel Info: Redefining spanish shorthand "~
(babel)             in language  on input line 68.
Package babel Info: Redefining spanish shorthand "!
(babel)             in language  on input line 68.
Package babel Info: Redefining spanish shorthand "?
(babel)             in language  on input line 68.

Underfull \hbox (badness 10000) in paragraph at lines 71--72
[]\OT1/cmr/m/n/10.95 Gesti^^Son de los
 []

Package babel Info: Redefining spanish shorthand <<
(babel)             in language  on input line 77.
Package babel Info: Redefining spanish shorthand >>
(babel)             in language  on input line 77.
Package babel Info: Redefining spanish shorthand "=
(babel)             in language  on input line 77.
Package babel Info: Redefining spanish shorthand "~
(babel)             in language  on input line 77.
Package babel Info: Redefining spanish shorthand "!
(babel)             in language  on input line 77.
Package babel Info: Redefining spanish shorthand "?
(babel)             in language  on input line 77.

Underfull \hbox (badness 10000) in paragraph at lines 80--81
[]\OT1/cmr/m/n/10.95 Seguimiento de
 []

Package babel Info: Redefining spanish shorthand <<
(babel)             in language  on input line 81.
Package babel Info: Redefining spanish shorthand >>
(babel)             in language  on input line 81.
Package babel Info: Redefining spanish shorthand "=
(babel)             in language  on input line 81.
Package babel Info: Redefining spanish shorthand "~
(babel)             in language  on input line 81.
Package babel Info: Redefining spanish shorthand "!
(babel)             in language  on input line 81.
Package babel Info: Redefining spanish shorthand "?
(babel)             in language  on input line 81.
Package babel Info: Redefining spanish shorthand <<
(babel)             in language  on input line 81.
Package babel Info: Redefining spanish shorthand >>
(babel)             in language  on input line 81.
Package babel Info: Redefining spanish shorthand "=
(babel)             in language  on input line 81.
Package babel Info: Redefining spanish shorthand "~
(babel)             in language  on input line 81.
Package babel Info: Redefining spanish shorthand "!
(babel)             in language  on input line 81.
Package babel Info: Redefining spanish shorthand "?
(babel)             in language  on input line 81.
[2]
Package babel Info: Redefining spanish shorthand <<
(babel)             in language  on input line 84.
Package babel Info: Redefining spanish shorthand >>
(babel)             in language  on input line 84.
Package babel Info: Redefining spanish shorthand "=
(babel)             in language  on input line 84.
Package babel Info: Redefining spanish shorthand "~
(babel)             in language  on input line 84.
Package babel Info: Redefining spanish shorthand "!
(babel)             in language  on input line 84.
Package babel Info: Redefining spanish shorthand "?
(babel)             in language  on input line 84.
Package babel Info: Redefining spanish shorthand <<
(babel)             in language  on input line 93.
Package babel Info: Redefining spanish shorthand >>
(babel)             in language  on input line 93.
Package babel Info: Redefining spanish shorthand "=
(babel)             in language  on input line 93.
Package babel Info: Redefining spanish shorthand "~
(babel)             in language  on input line 93.
Package babel Info: Redefining spanish shorthand "!
(babel)             in language  on input line 93.
Package babel Info: Redefining spanish shorthand "?
(babel)             in language  on input line 93.
Package babel Info: Redefining spanish shorthand <<
(babel)             in language  on input line 97.
Package babel Info: Redefining spanish shorthand >>
(babel)             in language  on input line 97.
Package babel Info: Redefining spanish shorthand "=
(babel)             in language  on input line 97.
Package babel Info: Redefining spanish shorthand "~
(babel)             in language  on input line 97.
Package babel Info: Redefining spanish shorthand "!
(babel)             in language  on input line 97.
Package babel Info: Redefining spanish shorthand "?
(babel)             in language  on input line 97.

Underfull \hbox (badness 10000) in paragraph at lines 99--100

 []

Package babel Info: Redefining spanish shorthand <<
(babel)             in language  on input line 109.
Package babel Info: Redefining spanish shorthand >>
(babel)             in language  on input line 109.
Package babel Info: Redefining spanish shorthand "=
(babel)             in language  on input line 109.
Package babel Info: Redefining spanish shorthand "~
(babel)             in language  on input line 109.
Package babel Info: Redefining spanish shorthand "!
(babel)             in language  on input line 109.
Package babel Info: Redefining spanish shorthand "?
(babel)             in language  on input line 109.

Underfull \hbox (badness 10000) in paragraph at lines 111--112

 []

Package babel Info: Redefining spanish shorthand <<
(babel)             in language  on input line 120.
Package babel Info: Redefining spanish shorthand >>
(babel)             in language  on input line 120.
Package babel Info: Redefining spanish shorthand "=
(babel)             in language  on input line 120.
Package babel Info: Redefining spanish shorthand "~
(babel)             in language  on input line 120.
Package babel Info: Redefining spanish shorthand "!
(babel)             in language  on input line 120.
Package babel Info: Redefining spanish shorthand "?
(babel)             in language  on input line 120.
Package babel Info: Redefining spanish shorthand <<
(babel)             in language  on input line 133.
Package babel Info: Redefining spanish shorthand >>
(babel)             in language  on input line 133.
Package babel Info: Redefining spanish shorthand "=
(babel)             in language  on input line 133.
Package babel Info: Redefining spanish shorthand "~
(babel)             in language  on input line 133.
Package babel Info: Redefining spanish shorthand "!
(babel)             in language  on input line 133.
Package babel Info: Redefining spanish shorthand "?
(babel)             in language  on input line 133.

Underfull \hbox (badness 1205) in paragraph at lines 134--135
\OT1/cmr/m/n/10.95 de es-tos a nues-tro cri-te-rio don-de se pue-de
 []


Underfull \hbox (badness 10000) in paragraph at lines 134--135

 []

Package babel Info: Redefining spanish shorthand <<
(babel)             in language  on input line 135.
Package babel Info: Redefining spanish shorthand >>
(babel)             in language  on input line 135.
Package babel Info: Redefining spanish shorthand "=
(babel)             in language  on input line 135.
Package babel Info: Redefining spanish shorthand "~
(babel)             in language  on input line 135.
Package babel Info: Redefining spanish shorthand "!
(babel)             in language  on input line 135.
Package babel Info: Redefining spanish shorthand "?
(babel)             in language  on input line 135.
Package babel Info: Redefining spanish shorthand <<
(babel)             in language  on input line 135.
Package babel Info: Redefining spanish shorthand >>
(babel)             in language  on input line 135.
Package babel Info: Redefining spanish shorthand "=
(babel)             in language  on input line 135.
Package babel Info: Redefining spanish shorthand "~
(babel)             in language  on input line 135.
Package babel Info: Redefining spanish shorthand "!
(babel)             in language  on input line 135.
Package babel Info: Redefining spanish shorthand "?
(babel)             in language  on input line 135.
[3]
Package babel Info: Redefining spanish shorthand <<
(babel)             in language  on input line 137.
Package babel Info: Redefining spanish shorthand >>
(babel)             in language  on input line 137.
Package babel Info: Redefining spanish shorthand "=
(babel)             in language  on input line 137.
Package babel Info: Redefining spanish shorthand "~
(babel)             in language  on input line 137.
Package babel Info: Redefining spanish shorthand "!
(babel)             in language  on input line 137.
Package babel Info: Redefining spanish shorthand "?
(babel)             in language  on input line 137.
Missing character: There is no Â in font cmr10!
Missing character: There is no « in font cmr10!
Missing character: There is no Â in font cmr10!
Missing character: There is no » in font cmr10!
Package atveryend Info: Empty hook `BeforeClearDocument' on input line 147.
Package babel Info: Redefining spanish shorthand <<
(babel)             in language  on input line 147.
Package babel Info: Redefining spanish shorthand >>
(babel)             in language  on input line 147.
Package babel Info: Redefining spanish shorthand "=
(babel)             in language  on input line 147.
Package babel Info: Redefining spanish shorthand "~
(babel)             in language  on input line 147.
Package babel Info: Redefining spanish shorthand "!
(babel)             in language  on input line 147.
Package babel Info: Redefining spanish shorthand "?
(babel)             in language  on input line 147.
Package babel Info: Redefining spanish shorthand <<
(babel)             in language  on input line 147.
Package babel Info: Redefining spanish shorthand >>
(babel)             in language  on input line 147.
Package babel Info: Redefining spanish shorthand "=
(babel)             in language  on input line 147.
Package babel Info: Redefining spanish shorthand "~
(babel)             in language  on input line 147.
Package babel Info: Redefining spanish shorthand "!
(babel)             in language  on input line 147.
Package babel Info: Redefining spanish shorthand "?
(babel)             in language  on input line 147.
 [4

]
Package atveryend Info: Empty hook `AfterLastShipout' on input line 147.
 (./main.aux
LaTeX Info: Redefining \. on input line 23.
LaTeX Info: Redefining \% on input line 23.
)
Package atveryend Info: Executing hook `AtVeryEndDocument' on input line 147.
Package atveryend Info: Executing hook `AtEndAfterFileList' on input line 147.
Package rerunfilecheck Info: File `main.out' has not changed.
(rerunfilecheck)             Checksum: 3DF78C503CEE25C7B1EECAB49B1B1FE3;826.
Package atveryend Info: Empty hook `AtVeryVeryEnd' on input line 147.
 ) 
Here is how much of TeX's memory you used:
 5155 strings out of 493108
 74769 string characters out of 6140726
 166462 words of memory out of 5000000
 8586 multiletter control sequences out of 15000+600000
 8710 words of font info for 31 fonts, out of 8000000 for 9000
 1141 hyphenation exceptions out of 8191
 29i,8n,32p,516b,400s stack positions out of 5000i,500n,10000p,200000b,80000s
</usr/share/texmf-dist/fonts/type1/public/amsfonts/cm/cmbx10.pfb></usr/share/
texmf-dist/fonts/type1/public/amsfonts/cm/cmbx12.pfb></usr/share/texmf-dist/fon
ts/type1/public/amsfonts/cm/cmr10.pfb></usr/share/texmf-dist/fonts/type1/public
/amsfonts/cm/cmr12.pfb></usr/share/texmf-dist/fonts/type1/public/amsfonts/cm/cm
r17.pfb></usr/share/texmf-dist/fonts/type1/public/amsfonts/cm/cmti10.pfb></usr/
share/texmf-dist/fonts/type1/public/amsfonts/cm/cmtt12.pfb>
Output written on main.pdf (4 pages, 104281 bytes).
PDF statistics:
 135 PDF objects out of 1000 (max. 8388607)
 120 compressed objects within 2 object streams
 36 named destinations out of 1000 (max. 500000)
 113 words of extra memory for PDF output out of 10000 (max. 10000000)

